{"time":"2026-02-23T19:37:02.86734Z","method":"PUT","bucket":"notify-test","status":200,"bytes":0,"client_ip":"[::1]:57040"}
{"time":"2026-02-23T19:37:02.868758Z","method":"PUT","bucket":"notify-test","status":403,"bytes":452,"client_ip":"[::1]:57041"}
{"time":"2026-02-23T19:37:02.872617Z","method":"GET","bucket":"notify-test","status":403,"bytes":0,"client_ip":"[::1]:57042"}
{"time":"2026-02-23T19:37:02.891864Z","method":"PUT","bucket":"notify-test","key":"images/photo.jpg","status":200,"bytes":14,"client_ip":"[::1]:57040"}
{"time":"2026-02-23T19:37:03.917164Z","method":"PUT","bucket":"notify-test","key":"docs/readme.txt","status":200,"bytes":5,"client_ip":"[::1]:57040"}
{"time":"2026-02-23T19:37:04.939012Z","method":"DELETE","bucket":"notify-test","key":"images/photo.jpg","status":204,"bytes":0,"client_ip":"[::1]:57040"}
{"time":"2026-02-23T19:37:05.966733Z","method":"PUT","bucket":"notify-test","key":"images/source.jpg","status":200,"bytes":11,"client_ip":"[::1]:57040"}
{"time":"2026-02-23T19:37:06.497833Z","method":"PUT","bucket":"notify-test","key":"images/copy.jpg","status":200,"bytes":0,"client_ip":"[::1]:57040"}
{"time":"2026-02-23T19:37:07.508224Z","method":"DELETE","bucket":"notify-test","status":403,"bytes":0,"client_ip":"[::1]:57043"}
{"time":"2026-02-23T19:37:07.512907Z","method":"PUT","bucket":"notify-test","status":403,"bytes":291,"client_ip":"[::1]:57044"}
{"time":"2026-02-23T19:37:07.529059Z","method":"GET","bucket":"notify-test","key":"anything/test.txt","status":404,"bytes":0,"client_ip":"[::1]:57040"}
{"time":"2026-02-23T19:37:07.535241Z","method":"DELETE","bucket":"notify-test","status":403,"bytes":0,"client_ip":"[::1]:57046"}
{"time":"2026-02-23T19:37:07.552979Z","method":"DELETE","bucket":"notify-test","key":"images/source.jpg","status":204,"bytes":0,"client_ip":"[::1]:57040"}
{"time":"2026-02-23T19:37:07.570738Z","method":"DELETE","bucket":"notify-test","key":"images/copy.jpg","status":204,"bytes":0,"client_ip":"[::1]:57040"}
{"time":"2026-02-23T19:37:07.587736Z","method":"DELETE","bucket":"notify-test","key":"images/no-notify.jpg","status":204,"bytes":0,"client_ip":"[::1]:57040"}
{"time":"2026-02-23T19:37:07.602805Z","method":"DELETE","bucket":"notify-test","key":"docs/readme.txt","status":204,"bytes":0,"client_ip":"[::1]:57040"}
{"time":"2026-02-23T19:37:07.616808Z","method":"DELETE","bucket":"notify-test","key":"anything/test.txt","status":204,"bytes":0,"client_ip":"[::1]:57040"}
{"time":"2026-02-23T19:37:07.631745Z","method":"DELETE","bucket":"notify-test","status":204,"bytes":0,"client_ip":"[::1]:57040"}
{"time":"2026-02-23T19:37:50.462111Z","method":"PUT","bucket":"notify-test","status":200,"bytes":0,"client_ip":"[::1]:57049"}
{"time":"2026-02-23T19:37:50.463587Z","method":"PUT","bucket":"notify-test","status":403,"bytes":452,"client_ip":"[::1]:57050"}
{"time":"2026-02-23T19:37:50.465536Z","method":"GET","bucket":"notify-test","status":403,"bytes":0,"client_ip":"[::1]:57051"}
{"time":"2026-02-23T19:37:50.482788Z","method":"PUT","bucket":"notify-test","key":"images/photo.jpg","status":200,"bytes":14,"client_ip":"[::1]:57049"}
{"time":"2026-02-23T19:37:51.508284Z","method":"PUT","bucket":"notify-test","key":"docs/readme.txt","status":200,"bytes":5,"client_ip":"[::1]:57049"}
{"time":"2026-02-23T19:37:52.532369Z","method":"DELETE","bucket":"notify-test","key":"images/photo.jpg","status":204,"bytes":0,"client_ip":"[::1]:57049"}
{"time":"2026-02-23T19:37:53.555273Z","method":"PUT","bucket":"notify-test","key":"images/source.jpg","status":200,"bytes":11,"client_ip":"[::1]:57049"}
{"time":"2026-02-23T19:37:54.080271Z","method":"PUT","bucket":"notify-test","key":"images/copy.jpg","status":200,"bytes":0,"client_ip":"[::1]:57049"}
{"time":"2026-02-23T19:37:55.087471Z","method":"DELETE","bucket":"notify-test","status":403,"bytes":0,"client_ip":"[::1]:57052"}
{"time":"2026-02-23T19:37:55.08933Z","method":"PUT","bucket":"notify-test","status":403,"bytes":291,"client_ip":"[::1]:57053"}
{"time":"2026-02-23T19:37:55.101643Z","method":"GET","bucket":"notify-test","key":"anything/test.txt","status":404,"bytes":0,"client_ip":"[::1]:57049"}
{"time":"2026-02-23T19:37:55.105132Z","method":"DELETE","bucket":"notify-test","status":403,"bytes":0,"client_ip":"[::1]:57055"}
{"time":"2026-02-23T19:37:55.121594Z","method":"DELETE","bucket":"notify-test","key":"images/source.jpg","status":204,"bytes":0,"client_ip":"[::1]:57049"}
{"time":"2026-02-23T19:37:55.1386Z","method":"DELETE","bucket":"notify-test","key":"images/copy.jpg","status":204,"bytes":0,"client_ip":"[::1]:57049"}
{"time":"2026-02-23T19:37:55.156614Z","method":"DELETE","bucket":"notify-test","key":"images/no-notify.jpg","status":204,"bytes":0,"client_ip":"[::1]:57049"}
{"time":"2026-02-23T19:37:55.173477Z","method":"DELETE","bucket":"notify-test","key":"docs/readme.txt","status":204,"bytes":0,"client_ip":"[::1]:57049"}
{"time":"2026-02-23T19:37:55.190553Z","method":"DELETE","bucket":"notify-test","key":"anything/test.txt","status":204,"bytes":0,"client_ip":"[::1]:57049"}
{"time":"2026-02-23T19:37:55.207604Z","method":"DELETE","bucket":"notify-test","status":204,"bytes":0,"client_ip":"[::1]:57049"}
{"time":"2026-02-23T19:38:04.478825Z","method":"GET","bucket":"notify-test","status":403,"bytes":0,"client_ip":"[::1]:57059"}
